<?xml version="1.0" encoding="UTF-8"?>
<testsuite xmlns:xsi="http://www.w3.org/2001/XMLSchema-instance" xsi:noNamespaceSchemaLocation="https://maven.apache.org/surefire/maven-surefire-plugin/xsd/surefire-test-report.xsd" name="io.builders.poc.alvaromerinogarcia.usersapp.core.service.UsersServiceImplTest" time="1.469" tests="5" errors="0" skipped="0" failures="0">
  <properties>
[...]
</properties>
  <testcase name="givenUsers_whenAdd_thenAddPortCalled" classname="io.builders.poc.alvaromerinogarcia.usersapp.core.service.UsersServiceImplTest" time="1.276"/>
  <testcase name="givenCallToAllUsers_whenNothingSpecified_thenGetAllUsersPortCalled" classname="io.builders.poc.alvaromerinogarcia.usersapp.core.service.UsersServiceImplTest" time="0.138"/>
  <testcase name="givenUser_whenRemove_thenRemovePortCalled" classname="io.builders.poc.alvaromerinogarcia.usersapp.core.service.UsersServiceImplTest" time="0.002"/>
  <testcase name="givenUsersId_whenGetUsersById_thenGetUsersByIdPortCalled" classname="io.builders.poc.alvaromerinogarcia.usersapp.core.service.UsersServiceImplTest" time="0.004"/>
  <testcase name="givenUser_whenUpdate_thenUpdatePortCalled" classname="io.builders.poc.alvaromerinogarcia.usersapp.core.service.UsersServiceImplTest" time="0.003"/>
</testsuite>