<?xml version="1.0" encoding="UTF-8"?>
<testsuite xmlns:xsi="http://www.w3.org/2001/XMLSchema-instance" xsi:noNamespaceSchemaLocation="https://maven.apache.org/surefire/maven-surefire-plugin/xsd/surefire-test-report.xsd" name="io.builders.poc.alvaromerinogarcia.usersapp.domain.data.UsersTest" time="0.192" tests="6" errors="0" skipped="0" failures="0">
  <properties>
[...]
</properties>
  <testcase name="givenTwoUsers_whenDifferentName_thenNotEqual" classname="io.builders.poc.alvaromerinogarcia.usersapp.domain.data.UsersTest" time="0.159"/>
  <testcase name="givenTwoUsers_whenSameAttributes_thenEqual" classname="io.builders.poc.alvaromerinogarcia.usersapp.domain.data.UsersTest" time="0.001"/>
  <testcase name="givenTwoUsers_whenSameAttributes_thenSameHashCode" classname="io.builders.poc.alvaromerinogarcia.usersapp.domain.data.UsersTest" time="0.005"/>
  <testcase name="givenAttributes_whenUserFullConstructor_thenAttributeAreSet" classname="io.builders.poc.alvaromerinogarcia.usersapp.domain.data.UsersTest" time="0.006"/>
  <testcase name="givenUser_whenToString_thenSeeADescriptiveString" classname="io.builders.poc.alvaromerinogarcia.usersapp.domain.data.UsersTest" time="0.001"/>
  <testcase name="givenTwoUsers_whenDifferentName_thenNotSameHashCode" classname="io.builders.poc.alvaromerinogarcia.usersapp.domain.data.UsersTest" time="0.001"/>
</testsuite>